TN:
SF:/Users/qen545/sideProjects/moduletest/scripts/AttributeNode.js
FN:8,(anonymous_0)
FN:8,defineProperties
FN:8,(anonymous_2)
FN:12,_classCallCheck
FN:14,(anonymous_4)
FN:15,AttributeNode
FN:29,addListeners
FN:32,(anonymous_7)
FN:34,(anonymous_8)
FN:50,cleanUp
FN:51,(anonymous_10)
FN:57,update
FN:60,(anonymous_12)
FN:72,updateAttributes
FNF:14
FNH:14
FNDA:1,(anonymous_0)
FNDA:1,defineProperties
FNDA:1,(anonymous_2)
FNDA:132,_classCallCheck
FNDA:1,(anonymous_4)
FNDA:132,AttributeNode
FNDA:132,addListeners
FNDA:88,(anonymous_7)
FNDA:88,(anonymous_8)
FNDA:132,cleanUp
FNDA:44,(anonymous_10)
FNDA:126,update
FNDA:42,(anonymous_12)
FNDA:21,updateAttributes
DA:3,1
DA:6,1
DA:8,4
DA:10,1
DA:12,132
DA:14,1
DA:16,132
DA:18,132
DA:19,132
DA:20,132
DA:21,132
DA:22,132
DA:24,132
DA:27,1
DA:30,132
DA:32,132
DA:33,88
DA:34,88
DA:35,88
DA:37,88
DA:38,88
DA:39,88
DA:40,88
DA:43,88
DA:44,0
DA:51,132
DA:52,44
DA:58,126
DA:60,126
DA:61,42
DA:62,42
DA:65,42
DA:66,21
DA:73,21
DA:74,21
DA:75,2
DA:76,2
DA:78,19
DA:79,19
DA:84,1
LF:40
LH:39
BRDA:8,0,0,4
BRDA:8,0,1,4
BRDA:8,1,0,4
BRDA:8,1,1,0
BRDA:8,2,0,1
BRDA:8,2,1,0
BRDA:8,3,0,0
BRDA:8,3,1,1
BRDA:12,4,0,0
BRDA:12,4,1,132
BRDA:38,5,0,88
BRDA:38,5,1,0
BRDA:43,6,0,0
BRDA:43,6,1,88
BRDA:62,7,0,3
BRDA:62,7,1,39
BRDA:62,8,0,42
BRDA:62,8,1,42
BRDA:65,9,0,21
BRDA:65,9,1,21
BRDA:74,10,0,2
BRDA:74,10,1,19
BRF:22
BRH:16
end_of_record
TN:
SF:/Users/qen545/sideProjects/moduletest/scripts/ContentNode.js
FN:8,(anonymous_0)
FN:8,defineProperties
FN:8,(anonymous_2)
FN:12,_classCallCheck
FN:14,(anonymous_4)
FN:15,ContentNode
FN:24,cleanUp
FN:29,update
FNF:8
FNH:8
FNDA:1,(anonymous_0)
FNDA:1,defineProperties
FNDA:1,(anonymous_2)
FNDA:44,_classCallCheck
FNDA:1,(anonymous_4)
FNDA:44,ContentNode
FNDA:44,cleanUp
FNDA:42,update
DA:3,1
DA:6,1
DA:8,2
DA:10,1
DA:12,44
DA:14,1
DA:16,44
DA:18,44
DA:19,44
DA:22,1
DA:25,44
DA:30,42
DA:31,4
DA:36,1
LF:14
LH:14
BRDA:8,0,0,2
BRDA:8,0,1,2
BRDA:8,1,0,2
BRDA:8,1,1,0
BRDA:8,2,0,1
BRDA:8,2,1,0
BRDA:8,3,0,0
BRDA:8,3,1,1
BRDA:12,4,0,0
BRDA:12,4,1,44
BRDA:30,5,0,4
BRDA:30,5,1,38
BRF:12
BRH:8
end_of_record
TN:
SF:/Users/qen545/sideProjects/moduletest/scripts/Template.js
FN:8,(anonymous_0)
FN:8,defineProperties
FN:8,(anonymous_2)
FN:16,_classCallCheck
FN:18,(anonymous_4)
FN:19,Template
FN:35,paint
FN:40,update
FN:49,_parseUpdates
FN:51,(anonymous_9)
FN:57,_init
FN:68,_walk
FNF:12
FNH:12
FNDA:1,(anonymous_0)
FNDA:1,defineProperties
FNDA:1,(anonymous_2)
FNDA:1,_classCallCheck
FNDA:1,(anonymous_4)
FNDA:1,Template
FNDA:1,paint
FNDA:21,update
FNDA:21,_parseUpdates
FNDA:168,(anonymous_9)
FNDA:1,_init
FNDA:22,_walk
DA:3,1
DA:6,1
DA:8,5
DA:10,1
DA:12,1
DA:14,1
DA:16,1
DA:18,1
DA:20,1
DA:22,1
DA:23,1
DA:24,1
DA:25,1
DA:26,1
DA:27,1
DA:28,1
DA:29,1
DA:30,1
DA:33,1
DA:36,1
DA:41,21
DA:42,21
DA:43,21
DA:44,21
DA:45,21
DA:50,21
DA:51,21
DA:52,168
DA:58,1
DA:59,1
DA:60,1
DA:61,1
DA:62,1
DA:63,1
DA:64,1
DA:69,22
DA:71,22
DA:72,814
DA:73,814
DA:75,814
DA:78,286
DA:80,286
DA:81,176
DA:82,176
DA:83,176
DA:84,308
DA:85,308
DA:86,44
DA:88,308
DA:89,88
DA:90,88
DA:91,88
DA:94,176
DA:95,132
DA:96,132
DA:97,132
DA:100,286
DA:104,528
DA:105,44
DA:106,44
DA:107,44
DA:109,528
DA:114,22
DA:118,1
LF:64
LH:64
BRDA:8,0,0,5
BRDA:8,0,1,5
BRDA:8,1,0,5
BRDA:8,1,1,0
BRDA:8,2,0,1
BRDA:8,2,1,0
BRDA:8,3,0,0
BRDA:8,3,1,1
BRDA:16,4,0,0
BRDA:16,4,1,1
BRDA:75,5,0,286
BRDA:75,5,1,528
BRDA:80,6,0,176
BRDA:80,6,1,110
BRDA:85,7,0,44
BRDA:85,7,1,264
BRDA:85,8,0,308
BRDA:85,8,1,284
BRDA:88,9,0,88
BRDA:88,9,1,220
BRDA:94,10,0,132
BRDA:94,10,1,44
BRDA:94,11,0,176
BRDA:94,11,1,132
BRDA:94,11,2,44
BRDA:104,12,0,44
BRDA:104,12,1,484
BRDA:104,13,0,528
BRDA:104,13,1,528
BRDA:104,13,2,484
BRF:30
BRH:26
end_of_record
TN:
SF:/Users/qen545/sideProjects/moduletest/scripts/patterns.js
FNF:0
FNH:0
DA:3,1
DA:6,1
DA:7,1
DA:8,1
DA:9,1
DA:10,1
DA:11,1
LF:7
LH:7
BRF:0
BRH:0
end_of_record
TN:
SF:/Users/qen545/sideProjects/moduletest/scripts/templit.js
FN:12,html
FN:13,(anonymous_1)
FN:18,(anonymous_2)
FN:34,templit
FN:35,render
FNF:5
FNH:5
FNDA:22,html
FNDA:22,(anonymous_1)
FNDA:110,(anonymous_2)
FNDA:5,templit
FNDA:22,render
DA:3,1
DA:6,1
DA:8,1
DA:10,1
DA:13,22
DA:14,22
DA:15,88
DA:18,22
DA:19,110
DA:21,22
DA:23,22
DA:25,22
DA:26,21
DA:28,1
DA:29,1
DA:36,22
DA:38,22
DA:39,110
DA:42,22
DA:44,5
LF:20
LH:20
BRDA:19,0,0,110
BRDA:19,0,1,0
BRDA:19,1,0,68
BRDA:19,1,1,42
BRDA:25,2,0,21
BRDA:25,2,1,1
BRF:6
BRH:5
end_of_record
